Step:          0 Energy: -607.355927
Step:        100 Energy: -589.120897
Step:        200 Energy: -577.318179
Step:        300 Energy: -564.056375
Step:        400 Energy: -551.928862
Step:        500 Energy: -540.011417
Step:        600 Energy: -532.491930
Step:        700 Energy: -515.721488
Step:        800 Energy: -504.233436
Step:        900 Energy: -495.717652
Step:       1000 Energy: -491.777625
Step:       1100 Energy: -485.401745
Step:       1200 Energy: -480.577383
Step:       1300 Energy: -473.054999
Step:       1400 Energy: -468.421886
Step:       1500 Energy: -460.885835
Step:       1600 Energy: -456.609375
Step:       1700 Energy: -444.856453
Step:       1800 Energy: -438.578389
Step:       1900 Energy: -441.073827
Step:       2000 Energy: -434.649908
Step:       2100 Energy: -431.725927
Step:       2200 Energy: -434.350469
Step:       2300 Energy: -430.185042
Step:       2400 Energy: -425.178442
Step:       2500 Energy: -419.872969
Step:       2600 Energy: -415.174178
Step:       2700 Energy: -408.841138
Step:       2800 Energy: -405.689491
Step:       2900 Energy: -403.224896
Step:       3000 Energy: -405.616203
Step:       3100 Energy: -404.358837
Step:       3200 Energy: -411.383608
Step:       3300 Energy: -405.794090
Step:       3400 Energy: -410.250073
Step:       3500 Energy: -407.855610
Step:       3600 Energy: -394.981823
Step:       3700 Energy: -392.967580
Step:       3800 Energy: -396.780125
Step:       3900 Energy: -396.403778
Step:       4000 Energy: -397.380938
Step:       4100 Energy: -394.371398
Step:       4200 Energy: -387.272391
Step:       4300 Energy: -388.336059
Step:       4400 Energy: -385.980170
Step:       4500 Energy: -388.380935
Step:       4600 Energy: -385.471418
Step:       4700 Energy: -383.966548
Step:       4800 Energy: -390.746376
Step:       4900 Energy: -390.079984
Step:       5000 Energy: -388.428924
Step:       5100 Energy: -393.566913
Step:       5200 Energy: -391.137957
Step:       5300 Energy: -389.451477
Step:       5400 Energy: -387.842254
Step:       5500 Energy: -388.605042
Step:       5600 Energy: -386.953566
Step:       5700 Energy: -390.762064
Step:       5800 Energy: -391.939908
Step:       5900 Energy: -392.138434
Step:       6000 Energy: -386.029357
Step:       6100 Energy: -383.548562
Step:       6200 Energy: -390.184829
Step:       6300 Energy: -388.937636
Step:       6400 Energy: -387.689708
Step:       6500 Energy: -390.130657
Step:       6600 Energy: -386.991267
Step:       6700 Energy: -387.094072
Step:       6800 Energy: -385.335829
Step:       6900 Energy: -384.974145
Step:       7000 Energy: -394.343088
Step:       7100 Energy: -395.793910
Step:       7200 Energy: -399.616698
Step:       7300 Energy: -401.748069
Step:       7400 Energy: -389.022459
Step:       7500 Energy: -394.817419
Step:       7600 Energy: -392.219155
Step:       7700 Energy: -392.236460
Step:       7800 Energy: -397.764612
Step:       7900 Energy: -406.047052
Step:       8000 Energy: -408.889756
Step:       8100 Energy: -416.230665
Step:       8200 Energy: -417.413309
Step:       8300 Energy: -419.406257
Step:       8400 Energy: -419.786043
Step:       8500 Energy: -422.314194
Step:       8600 Energy: -419.324949
Step:       8700 Energy: -413.803706
Step:       8800 Energy: -418.842838
Step:       8900 Energy: -413.231363
Step:       9000 Energy: -414.673666
Step:       9100 Energy: -414.746596
Step:       9200 Energy: -415.679801
Step:       9300 Energy: -419.774398
Step:       9400 Energy: -416.985085
Step:       9500 Energy: -415.676169
Step:       9600 Energy: -418.351177
Step:       9700 Energy: -420.761897
Step:       9800 Energy: -418.605943
Step:       9900 Energy: -421.918752
